2021-01-12 22:40:08.152  INFO 21076 --- [restartedMain] pt.ufp.info.esof.LecturesApplication     : Starting LecturesApplication on Patricias-MacBook-Pro.local with PID 21076 (/Users/faculdade/Documents/ESOF/PL/projeto/projetoFinal/target/classes started by faculdade in /Users/faculdade/Documents/ESOF/PL/projeto/projetoFinal)
2021-01-12 22:40:08.154  INFO 21076 --- [restartedMain] pt.ufp.info.esof.LecturesApplication     : No active profile set, falling back to default profiles: default
2021-01-12 22:40:09.698  WARN 21076 --- [restartedMain] JpaBaseConfiguration$JpaWebConfiguration : spring.jpa.open-in-view is enabled by default. Therefore, database queries may be performed during view rendering. Explicitly configure spring.jpa.open-in-view to disable this warning
2021-01-12 22:40:10.541  INFO 21076 --- [restartedMain] pt.ufp.info.esof.LecturesApplication     : Started LecturesApplication in 2.602 seconds (JVM running for 8.133)
2021-01-12 22:40:22.779  WARN 21076 --- [SpringContextShutdownHook] o.s.b.f.support.DisposableBeanAdapter    : Invocation of destroy method failed on bean with name 'inMemoryDatabaseShutdownExecutor': org.h2.jdbc.JdbcSQLNonTransientConnectionException: Database is already closed (to disable automatic closing at VM shutdown, add ";DB_CLOSE_ON_EXIT=FALSE" to the db URL) [90121-200]
2021-01-12 22:41:49.291  INFO 21402 --- [restartedMain] pt.ufp.info.esof.LecturesApplication     : Starting LecturesApplication on Patricias-MacBook-Pro.local with PID 21402 (/Users/faculdade/Documents/ESOF/PL/projeto/projetoFinal/target/classes started by faculdade in /Users/faculdade/Documents/ESOF/PL/projeto/projetoFinal)
2021-01-12 22:41:49.293  INFO 21402 --- [restartedMain] pt.ufp.info.esof.LecturesApplication     : No active profile set, falling back to default profiles: default
2021-01-12 22:41:50.817  WARN 21402 --- [restartedMain] JpaBaseConfiguration$JpaWebConfiguration : spring.jpa.open-in-view is enabled by default. Therefore, database queries may be performed during view rendering. Explicitly configure spring.jpa.open-in-view to disable this warning
2021-01-12 22:41:51.687  INFO 21402 --- [restartedMain] pt.ufp.info.esof.LecturesApplication     : Started LecturesApplication in 2.606 seconds (JVM running for 8.112)
2021-01-12 22:42:08.007  INFO 21455 --- [main] p.u.i.e.c.ProjetoControladorTest         : Starting ProjetoControladorTest on Patricias-MacBook-Pro.local with PID 21455 (started by faculdade in /Users/faculdade/Documents/ESOF/PL/projeto/projetoFinal)
2021-01-12 22:42:08.011  INFO 21455 --- [main] p.u.i.e.c.ProjetoControladorTest         : No active profile set, falling back to default profiles: default
2021-01-12 22:42:09.379  INFO 21455 --- [main] p.u.i.e.c.ProjetoControladorTest         : Started ProjetoControladorTest in 6.737 seconds (JVM running for 7.683)
2021-01-12 22:43:10.130  WARN 21402 --- [SpringContextShutdownHook] o.s.b.f.support.DisposableBeanAdapter    : Invocation of destroy method failed on bean with name 'inMemoryDatabaseShutdownExecutor': org.h2.jdbc.JdbcSQLNonTransientConnectionException: Database is already closed (to disable automatic closing at VM shutdown, add ";DB_CLOSE_ON_EXIT=FALSE" to the db URL) [90121-200]
2021-01-12 22:43:24.961  INFO 21712 --- [restartedMain] pt.ufp.info.esof.LecturesApplication     : Starting LecturesApplication on Patricias-MacBook-Pro.local with PID 21712 (/Users/faculdade/Documents/ESOF/PL/projeto/projetoFinal/target/classes started by faculdade in /Users/faculdade/Documents/ESOF/PL/projeto/projetoFinal)
2021-01-12 22:43:24.963  INFO 21712 --- [restartedMain] pt.ufp.info.esof.LecturesApplication     : No active profile set, falling back to default profiles: default
2021-01-12 22:43:26.694  WARN 21712 --- [restartedMain] JpaBaseConfiguration$JpaWebConfiguration : spring.jpa.open-in-view is enabled by default. Therefore, database queries may be performed during view rendering. Explicitly configure spring.jpa.open-in-view to disable this warning
2021-01-12 22:43:27.725  INFO 21712 --- [restartedMain] pt.ufp.info.esof.LecturesApplication     : Started LecturesApplication in 2.991 seconds (JVM running for 8.501)
2021-01-12 22:44:46.724 ERROR 21712 --- [HikariPool-1 connection adder] com.zaxxer.hikari.pool.HikariPool        : HikariPool-1 - Error thrown while acquiring connection from data source

org.h2.jdbc.JdbcSQLNonTransientConnectionException: The database is open in exclusive mode; can not open additional connections [90135-200]
	at org.h2.message.DbException.getJdbcSQLException(DbException.java:622) ~[h2-1.4.200.jar:1.4.200]
	at org.h2.message.DbException.getJdbcSQLException(DbException.java:429) ~[h2-1.4.200.jar:1.4.200]
	at org.h2.message.DbException.get(DbException.java:205) ~[h2-1.4.200.jar:1.4.200]
	at org.h2.message.DbException.get(DbException.java:181) ~[h2-1.4.200.jar:1.4.200]
	at org.h2.message.DbException.get(DbException.java:170) ~[h2-1.4.200.jar:1.4.200]
	at org.h2.engine.Session.checkSuspended(Session.java:1369) ~[h2-1.4.200.jar:1.4.200]
	at org.h2.engine.Session.isOpen(Session.java:1303) ~[h2-1.4.200.jar:1.4.200]
	at org.h2.engine.Session.waitIfExclusiveModeEnabled(Session.java:1639) ~[h2-1.4.200.jar:1.4.200]
	at org.h2.command.Command.executeQuery(Command.java:186) ~[h2-1.4.200.jar:1.4.200]
	at org.h2.jdbc.JdbcConnection.isReadOnly(JdbcConnection.java:631) ~[h2-1.4.200.jar:1.4.200]
	at com.zaxxer.hikari.pool.PoolBase.setupConnection(PoolBase.java:402) ~[HikariCP-3.4.5.jar:na]
	at com.zaxxer.hikari.pool.PoolBase.newConnection(PoolBase.java:363) ~[HikariCP-3.4.5.jar:na]
	at com.zaxxer.hikari.pool.PoolBase.newPoolEntry(PoolBase.java:206) ~[HikariCP-3.4.5.jar:na]
	at com.zaxxer.hikari.pool.HikariPool.createPoolEntry(HikariPool.java:477) ~[HikariCP-3.4.5.jar:na]
	at com.zaxxer.hikari.pool.HikariPool.access$100(HikariPool.java:71) ~[HikariCP-3.4.5.jar:na]
	at com.zaxxer.hikari.pool.HikariPool$PoolEntryCreator.call(HikariPool.java:725) ~[HikariCP-3.4.5.jar:na]
	at com.zaxxer.hikari.pool.HikariPool$PoolEntryCreator.call(HikariPool.java:711) ~[HikariCP-3.4.5.jar:na]
	at java.base/java.util.concurrent.FutureTask.run(FutureTask.java:264) ~[na:na]
	at java.base/java.util.concurrent.ThreadPoolExecutor.runWorker(ThreadPoolExecutor.java:1130) ~[na:na]
	at java.base/java.util.concurrent.ThreadPoolExecutor$Worker.run(ThreadPoolExecutor.java:630) ~[na:na]
	at java.base/java.lang.Thread.run(Thread.java:832) ~[na:na]

2021-01-12 22:44:46.818  WARN 21712 --- [SpringContextShutdownHook] o.s.b.f.support.DisposableBeanAdapter    : Invocation of destroy method failed on bean with name 'inMemoryDatabaseShutdownExecutor': org.h2.jdbc.JdbcSQLNonTransientConnectionException: Database is already closed (to disable automatic closing at VM shutdown, add ";DB_CLOSE_ON_EXIT=FALSE" to the db URL) [90121-200]
2021-01-12 22:45:53.080  INFO 22182 --- [restartedMain] pt.ufp.info.esof.LecturesApplication     : Starting LecturesApplication on Patricias-MacBook-Pro.local with PID 22182 (/Users/faculdade/Documents/ESOF/PL/projeto/projetoFinal/target/classes started by faculdade in /Users/faculdade/Documents/ESOF/PL/projeto/projetoFinal)
2021-01-12 22:45:53.082  INFO 22182 --- [restartedMain] pt.ufp.info.esof.LecturesApplication     : No active profile set, falling back to default profiles: default
2021-01-12 22:45:54.606  WARN 22182 --- [restartedMain] JpaBaseConfiguration$JpaWebConfiguration : spring.jpa.open-in-view is enabled by default. Therefore, database queries may be performed during view rendering. Explicitly configure spring.jpa.open-in-view to disable this warning
2021-01-12 22:45:55.459  INFO 22182 --- [restartedMain] pt.ufp.info.esof.LecturesApplication     : Started LecturesApplication in 2.592 seconds (JVM running for 8.102)
2021-01-12 22:46:37.852  INFO 22320 --- [main] p.u.i.e.r.ProjetoRepositorioTest         : Starting ProjetoRepositorioTest on Patricias-MacBook-Pro.local with PID 22320 (started by faculdade in /Users/faculdade/Documents/ESOF/PL/projeto/projetoFinal)
2021-01-12 22:46:37.857  INFO 22320 --- [main] p.u.i.e.r.ProjetoRepositorioTest         : No active profile set, falling back to default profiles: default
2021-01-12 22:46:41.062  INFO 22320 --- [main] p.u.i.e.r.ProjetoRepositorioTest         : Started ProjetoRepositorioTest in 8.796 seconds (JVM running for 10.706)
2021-01-12 22:46:42.003  INFO 22320 --- [main] p.u.i.e.s.EmpregadoServicoImplTest       : Starting EmpregadoServicoImplTest on Patricias-MacBook-Pro.local with PID 22320 (started by faculdade in /Users/faculdade/Documents/ESOF/PL/projeto/projetoFinal)
2021-01-12 22:46:42.004  INFO 22320 --- [main] p.u.i.e.s.EmpregadoServicoImplTest       : No active profile set, falling back to default profiles: default
2021-01-12 22:46:42.105  INFO 22320 --- [main] p.u.i.e.s.EmpregadoServicoImplTest       : Started EmpregadoServicoImplTest in 0.135 seconds (JVM running for 11.749)
2021-01-12 22:46:42.241  INFO 22320 --- [main] p.u.i.e.s.f.TarefaServicoFacadeTest      : Starting TarefaServicoFacadeTest on Patricias-MacBook-Pro.local with PID 22320 (started by faculdade in /Users/faculdade/Documents/ESOF/PL/projeto/projetoFinal)
2021-01-12 22:46:42.241  INFO 22320 --- [main] p.u.i.e.s.f.TarefaServicoFacadeTest      : No active profile set, falling back to default profiles: default
2021-01-12 22:46:42.298  INFO 22320 --- [main] p.u.i.e.s.f.TarefaServicoFacadeTest      : Started TarefaServicoFacadeTest in 0.091 seconds (JVM running for 11.942)
2021-01-12 22:46:42.374  INFO 22320 --- [main] p.u.i.e.c.ProjetoControladorTest         : Starting ProjetoControladorTest on Patricias-MacBook-Pro.local with PID 22320 (started by faculdade in /Users/faculdade/Documents/ESOF/PL/projeto/projetoFinal)
2021-01-12 22:46:42.376  INFO 22320 --- [main] p.u.i.e.c.ProjetoControladorTest         : No active profile set, falling back to default profiles: default
2021-01-12 22:46:43.240  INFO 22320 --- [main] p.u.i.e.c.ProjetoControladorTest         : Started ProjetoControladorTest in 0.892 seconds (JVM running for 12.884)
2021-01-12 22:46:48.532  INFO 22320 --- [main] p.u.i.e.c.TarefaControladorTest          : Starting TarefaControladorTest on Patricias-MacBook-Pro.local with PID 22320 (started by faculdade in /Users/faculdade/Documents/ESOF/PL/projeto/projetoFinal)
2021-01-12 22:46:48.533  INFO 22320 --- [main] p.u.i.e.c.TarefaControladorTest          : No active profile set, falling back to default profiles: default
2021-01-12 22:46:48.970  INFO 22320 --- [main] p.u.i.e.c.TarefaControladorTest          : Started TarefaControladorTest in 5.466 seconds (JVM running for 18.614)
2021-01-12 22:46:49.086  INFO 22320 --- [main] p.u.i.e.servicos.ProjetoServicoImplTest  : Starting ProjetoServicoImplTest on Patricias-MacBook-Pro.local with PID 22320 (started by faculdade in /Users/faculdade/Documents/ESOF/PL/projeto/projetoFinal)
2021-01-12 22:46:49.087  INFO 22320 --- [main] p.u.i.e.servicos.ProjetoServicoImplTest  : No active profile set, falling back to default profiles: default
2021-01-12 22:46:49.129  INFO 22320 --- [main] p.u.i.e.servicos.ProjetoServicoImplTest  : Started ProjetoServicoImplTest in 0.063 seconds (JVM running for 18.773)
2021-01-12 22:46:49.273  INFO 22320 --- [main] p.u.info.esof.LecturesApplicationTests   : Starting LecturesApplicationTests on Patricias-MacBook-Pro.local with PID 22320 (started by faculdade in /Users/faculdade/Documents/ESOF/PL/projeto/projetoFinal)
2021-01-12 22:46:49.273  INFO 22320 --- [main] p.u.info.esof.LecturesApplicationTests   : No active profile set, falling back to default profiles: default
2021-01-12 22:46:50.938  WARN 22320 --- [main] JpaBaseConfiguration$JpaWebConfiguration : spring.jpa.open-in-view is enabled by default. Therefore, database queries may be performed during view rendering. Explicitly configure spring.jpa.open-in-view to disable this warning
2021-01-12 22:46:52.057  INFO 22320 --- [main] p.u.info.esof.LecturesApplicationTests   : Started LecturesApplicationTests in 2.804 seconds (JVM running for 21.702)
2021-01-12 22:46:52.103  INFO 22320 --- [main] p.u.i.e.c.EmpregadoControladorTest       : Starting EmpregadoControladorTest on Patricias-MacBook-Pro.local with PID 22320 (started by faculdade in /Users/faculdade/Documents/ESOF/PL/projeto/projetoFinal)
2021-01-12 22:46:52.105  INFO 22320 --- [main] p.u.i.e.c.EmpregadoControladorTest       : No active profile set, falling back to default profiles: default
2021-01-12 22:46:52.524  INFO 22320 --- [main] p.u.i.e.c.EmpregadoControladorTest       : Started EmpregadoControladorTest in 0.443 seconds (JVM running for 22.169)
2021-01-12 22:49:46.990  WARN 22182 --- [SpringContextShutdownHook] o.s.b.f.support.DisposableBeanAdapter    : Invocation of destroy method failed on bean with name 'inMemoryDatabaseShutdownExecutor': org.h2.jdbc.JdbcSQLNonTransientConnectionException: Database is already closed (to disable automatic closing at VM shutdown, add ";DB_CLOSE_ON_EXIT=FALSE" to the db URL) [90121-200]
